CRITICAL - 2024-01-18 05:34:04 --> CodeIgniter\View\Exceptions\ViewException: Invalid file: "hello jawa.php"
in SYSTEMPATH\Exceptions\FrameworkException.php on line 39.
 1 SYSTEMPATH\View\View.php(216): CodeIgniter\Exceptions\FrameworkException::forInvalidFile('hello jawa.php')
 2 SYSTEMPATH\Common.php(1178): CodeIgniter\View\View->render('hello jawa', [], true)
 3 APPPATH\Controllers\Home.php(15): view('hello jawa')
 4 SYSTEMPATH\CodeIgniter.php(941): App\Controllers\Home->coba()
 5 SYSTEMPATH\CodeIgniter.php(502): CodeIgniter\CodeIgniter->runController(Object(App\Controllers\Home))
 6 SYSTEMPATH\CodeIgniter.php(361): CodeIgniter\CodeIgniter->handleRequest(null, Object(Config\Cache), false)
 7 FCPATH\index.php(79): CodeIgniter\CodeIgniter->run()
 8 SYSTEMPATH\Commands\Server\rewrite.php(47): require_once('C:\\xampp\\htdocs\\webti\\public\\index.php')
CRITICAL - 2024-01-18 05:35:52 --> CodeIgniter\View\Exceptions\ViewException: Invalid file: "hello world.php"
in SYSTEMPATH\Exceptions\FrameworkException.php on line 39.
 1 SYSTEMPATH\View\View.php(216): CodeIgniter\Exceptions\FrameworkException::forInvalidFile('hello world.php')
 2 SYSTEMPATH\Common.php(1178): CodeIgniter\View\View->render('hello world', [], true)
 3 APPPATH\Controllers\Home.php(15): view('hello world')
 4 SYSTEMPATH\CodeIgniter.php(941): App\Controllers\Home->coba()
 5 SYSTEMPATH\CodeIgniter.php(502): CodeIgniter\CodeIgniter->runController(Object(App\Controllers\Home))
 6 SYSTEMPATH\CodeIgniter.php(361): CodeIgniter\CodeIgniter->handleRequest(null, Object(Config\Cache), false)
 7 FCPATH\index.php(79): CodeIgniter\CodeIgniter->run()
 8 SYSTEMPATH\Commands\Server\rewrite.php(47): require_once('C:\\xampp\\htdocs\\webti\\public\\index.php')
CRITICAL - 2024-01-18 05:36:44 --> CodeIgniter\View\Exceptions\ViewException: Invalid file: "hello jawa.php"
in SYSTEMPATH\Exceptions\FrameworkException.php on line 39.
 1 SYSTEMPATH\View\View.php(216): CodeIgniter\Exceptions\FrameworkException::forInvalidFile('hello jawa.php')
 2 SYSTEMPATH\Common.php(1178): CodeIgniter\View\View->render('hello jawa', [], true)
 3 APPPATH\Controllers\Home.php(15): view('hello jawa')
 4 SYSTEMPATH\CodeIgniter.php(941): App\Controllers\Home->coba()
 5 SYSTEMPATH\CodeIgniter.php(502): CodeIgniter\CodeIgniter->runController(Object(App\Controllers\Home))
 6 SYSTEMPATH\CodeIgniter.php(361): CodeIgniter\CodeIgniter->handleRequest(null, Object(Config\Cache), false)
 7 FCPATH\index.php(79): CodeIgniter\CodeIgniter->run()
 8 SYSTEMPATH\Commands\Server\rewrite.php(47): require_once('C:\\xampp\\htdocs\\webti\\public\\index.php')
CRITICAL - 2024-01-18 05:36:50 --> CodeIgniter\View\Exceptions\ViewException: Invalid file: "hello jawa.php"
in SYSTEMPATH\Exceptions\FrameworkException.php on line 39.
 1 SYSTEMPATH\View\View.php(216): CodeIgniter\Exceptions\FrameworkException::forInvalidFile('hello jawa.php')
 2 SYSTEMPATH\Common.php(1178): CodeIgniter\View\View->render('hello jawa', [], true)
 3 APPPATH\Controllers\Home.php(15): view('hello jawa')
 4 SYSTEMPATH\CodeIgniter.php(941): App\Controllers\Home->coba()
 5 SYSTEMPATH\CodeIgniter.php(502): CodeIgniter\CodeIgniter->runController(Object(App\Controllers\Home))
 6 SYSTEMPATH\CodeIgniter.php(361): CodeIgniter\CodeIgniter->handleRequest(null, Object(Config\Cache), false)
 7 FCPATH\index.php(79): CodeIgniter\CodeIgniter->run()
 8 SYSTEMPATH\Commands\Server\rewrite.php(47): require_once('C:\\xampp\\htdocs\\webti\\public\\index.php')
CRITICAL - 2024-01-18 05:36:52 --> CodeIgniter\View\Exceptions\ViewException: Invalid file: "hello jawa.php"
in SYSTEMPATH\Exceptions\FrameworkException.php on line 39.
 1 SYSTEMPATH\View\View.php(216): CodeIgniter\Exceptions\FrameworkException::forInvalidFile('hello jawa.php')
 2 SYSTEMPATH\Common.php(1178): CodeIgniter\View\View->render('hello jawa', [], true)
 3 APPPATH\Controllers\Home.php(15): view('hello jawa')
 4 SYSTEMPATH\CodeIgniter.php(941): App\Controllers\Home->coba()
 5 SYSTEMPATH\CodeIgniter.php(502): CodeIgniter\CodeIgniter->runController(Object(App\Controllers\Home))
 6 SYSTEMPATH\CodeIgniter.php(361): CodeIgniter\CodeIgniter->handleRequest(null, Object(Config\Cache), false)
 7 FCPATH\index.php(79): CodeIgniter\CodeIgniter->run()
 8 SYSTEMPATH\Commands\Server\rewrite.php(47): require_once('C:\\xampp\\htdocs\\webti\\public\\index.php')
CRITICAL - 2024-01-18 06:02:08 --> CodeIgniter\View\Exceptions\ViewException: Invalid file: "about.php"
in SYSTEMPATH\Exceptions\FrameworkException.php on line 39.
 1 SYSTEMPATH\View\View.php(216): CodeIgniter\Exceptions\FrameworkException::forInvalidFile('about.php')
 2 SYSTEMPATH\Common.php(1178): CodeIgniter\View\View->render('about', [], true)
 3 APPPATH\Controllers\pages.php(14): view('about')
 4 SYSTEMPATH\CodeIgniter.php(941): App\Controllers\pages->about()
 5 SYSTEMPATH\CodeIgniter.php(502): CodeIgniter\CodeIgniter->runController(Object(App\Controllers\pages))
 6 SYSTEMPATH\CodeIgniter.php(361): CodeIgniter\CodeIgniter->handleRequest(null, Object(Config\Cache), false)
 7 FCPATH\index.php(79): CodeIgniter\CodeIgniter->run()
 8 SYSTEMPATH\Commands\Server\rewrite.php(47): require_once('C:\\xampp\\htdocs\\webti\\public\\index.php')
CRITICAL - 2024-01-18 06:55:02 --> CodeIgniter\View\Exceptions\ViewException: Invalid file: "layout/about.php"
in SYSTEMPATH\Exceptions\FrameworkException.php on line 39.
 1 SYSTEMPATH\View\View.php(216): CodeIgniter\Exceptions\FrameworkException::forInvalidFile('layout/about.php')
 2 SYSTEMPATH\Common.php(1178): CodeIgniter\View\View->render('layout/about', [], true)
 3 APPPATH\Controllers\pages.php(15): view('layout/about')
 4 SYSTEMPATH\CodeIgniter.php(941): App\Controllers\pages->about()
 5 SYSTEMPATH\CodeIgniter.php(502): CodeIgniter\CodeIgniter->runController(Object(App\Controllers\pages))
 6 SYSTEMPATH\CodeIgniter.php(361): CodeIgniter\CodeIgniter->handleRequest(null, Object(Config\Cache), false)
 7 FCPATH\index.php(79): CodeIgniter\CodeIgniter->run()
 8 SYSTEMPATH\Commands\Server\rewrite.php(47): require_once('C:\\xampp\\htdocs\\webti\\public\\index.php')
