ERROR - 2024-02-12 03:59:45 --> mysqli_sql_exception: Duplicate entry 'codeigniter-intro' for key 'slug' in C:\xampp\htdocs\webti\system\Database\MySQLi\Connection.php:306
Stack trace:
#0 C:\xampp\htdocs\webti\system\Database\MySQLi\Connection.php(306): mysqli->query('INSERT INTO `ne...', 0)
#1 C:\xampp\htdocs\webti\system\Database\BaseConnection.php(693): CodeIgniter\Database\MySQLi\Connection->execute('INSERT INTO `ne...')
#2 C:\xampp\htdocs\webti\system\Database\BaseConnection.php(607): CodeIgniter\Database\BaseConnection->simpleQuery('INSERT INTO `ne...')
#3 C:\xampp\htdocs\webti\system\Database\BaseBuilder.php(2302): CodeIgniter\Database\BaseConnection->query('INSERT INTO `ne...', Array, false)
#4 C:\xampp\htdocs\webti\app\Database\Seeds\News.php(30): CodeIgniter\Database\BaseBuilder->insert(Array)
#5 C:\xampp\htdocs\webti\system\Database\Seeder.php(145): App\Database\Seeds\News->run()
#6 C:\xampp\htdocs\webti\system\Commands\Database\Seed.php(77): CodeIgniter\Database\Seeder->call('App\\Database\\Se...')
#7 C:\xampp\htdocs\webti\system\CLI\Commands.php(65): CodeIgniter\Commands\Database\Seed->run(Array)
#8 C:\xampp\htdocs\webti\system\CLI\Console.php(46): CodeIgniter\CLI\Commands->run('db:seed', Array)
#9 C:\xampp\htdocs\webti\spark(102): CodeIgniter\CLI\Console->run()
#10 {main}
ERROR - 2024-02-12 04:00:01 --> mysqli_sql_exception: Duplicate entry 'codeigniter-intro' for key 'slug' in C:\xampp\htdocs\webti\system\Database\MySQLi\Connection.php:306
Stack trace:
#0 C:\xampp\htdocs\webti\system\Database\MySQLi\Connection.php(306): mysqli->query('INSERT INTO `ne...', 0)
#1 C:\xampp\htdocs\webti\system\Database\BaseConnection.php(693): CodeIgniter\Database\MySQLi\Connection->execute('INSERT INTO `ne...')
#2 C:\xampp\htdocs\webti\system\Database\BaseConnection.php(607): CodeIgniter\Database\BaseConnection->simpleQuery('INSERT INTO `ne...')
#3 C:\xampp\htdocs\webti\system\Database\BaseBuilder.php(2302): CodeIgniter\Database\BaseConnection->query('INSERT INTO `ne...', Array, false)
#4 C:\xampp\htdocs\webti\app\Database\Seeds\News.php(30): CodeIgniter\Database\BaseBuilder->insert(Array)
#5 C:\xampp\htdocs\webti\system\Database\Seeder.php(145): App\Database\Seeds\News->run()
#6 C:\xampp\htdocs\webti\system\Commands\Database\Seed.php(77): CodeIgniter\Database\Seeder->call('App\\Database\\Se...')
#7 C:\xampp\htdocs\webti\system\CLI\Commands.php(65): CodeIgniter\Commands\Database\Seed->run(Array)
#8 C:\xampp\htdocs\webti\system\CLI\Console.php(46): CodeIgniter\CLI\Commands->run('db:seed', Array)
#9 C:\xampp\htdocs\webti\spark(102): CodeIgniter\CLI\Console->run()
#10 {main}
ERROR - 2024-02-12 04:00:59 --> mysqli_sql_exception: Duplicate entry 'codeigniter-intro' for key 'slug' in C:\xampp\htdocs\webti\system\Database\MySQLi\Connection.php:306
Stack trace:
#0 C:\xampp\htdocs\webti\system\Database\MySQLi\Connection.php(306): mysqli->query('INSERT INTO `ne...', 0)
#1 C:\xampp\htdocs\webti\system\Database\BaseConnection.php(693): CodeIgniter\Database\MySQLi\Connection->execute('INSERT INTO `ne...')
#2 C:\xampp\htdocs\webti\system\Database\BaseConnection.php(607): CodeIgniter\Database\BaseConnection->simpleQuery('INSERT INTO `ne...')
#3 C:\xampp\htdocs\webti\system\Database\BaseBuilder.php(2302): CodeIgniter\Database\BaseConnection->query('INSERT INTO `ne...', Array, false)
#4 C:\xampp\htdocs\webti\app\Database\Seeds\News.php(30): CodeIgniter\Database\BaseBuilder->insert(Array)
#5 C:\xampp\htdocs\webti\system\Database\Seeder.php(145): App\Database\Seeds\News->run()
#6 C:\xampp\htdocs\webti\system\Commands\Database\Seed.php(77): CodeIgniter\Database\Seeder->call('App\\Database\\Se...')
#7 C:\xampp\htdocs\webti\system\CLI\Commands.php(65): CodeIgniter\Commands\Database\Seed->run(Array)
#8 C:\xampp\htdocs\webti\system\CLI\Console.php(46): CodeIgniter\CLI\Commands->run('db:seed', Array)
#9 C:\xampp\htdocs\webti\spark(102): CodeIgniter\CLI\Console->run()
#10 {main}
